14:30:47 **** Incremental Build of configuration Debug for project Exercise12 ****
Info: Internal Builder is used for build
gcc -O0 -g3 -Wall -c -fmessage-length=0 -o Ex12.o "..\\Ex12.c" 
gcc -o Exercise12.exe Ex12.o 
Info: Nothing to build for Exercise12
14:32:12 **** Incremental Build of configuration Debug for project Exercise12 ****
Info: Internal Builder is used for build
gcc -O0 -g3 -Wall -c -fmessage-length=0 -o Ex12.o "..\\Ex12.c" 
gcc -o Exercise12.exe Ex12.o 
14:32:40 **** Incremental Build of configuration Debug for project Exercise12 ****
Info: Internal Builder is used for build
gcc -O0 -g3 -Wall -c -fmessage-length=0 -o Ex12.o "..\\Ex12.c" 
gcc -o Exercise12.exe Ex12.o 
14:34:01 **** Incremental Build of configuration Debug for project Exercise12 ****
Info: Internal Builder is used for build
gcc -O0 -g3 -Wall -c -fmessage-length=0 -o Ex12.o "..\\Ex12.c" 
gcc -o Exercise12.exe Ex12.o 
14:34:42 **** Incremental Build of configuration Debug for project Exercise12 ****
Info: Internal Builder is used for build
gcc -O0 -g3 -Wall -c -fmessage-length=0 -o Ex12.o "..\\Ex12.c" 
gcc -o Exercise12.exe Ex12.o 
