01:53:00 **** Rebuild of configuration Debug for project Exercise8 ****
Info: Internal Builder is used for build
gcc -O0 -g3 -Wall -c -fmessage-length=0 -o Ex8.o "..\\Ex8.c" 
..\Ex8.c: In function 'printBinary':
..\Ex8.c:27:23: warning: unused variable 'mask' [-Wunused-variable]
   27 |         unsigned char mask = 1;
      |                       ^~~~
gcc -o Exercise8.exe Ex8.o 
01:53:27 **** Incremental Build of configuration Debug for project Exercise8 ****
Info: Internal Builder is used for build
gcc -O0 -g3 -Wall -c -fmessage-length=0 -o Ex8.o "..\\Ex8.c" 
gcc -o Exercise8.exe Ex8.o 
01:47:27 **** Incremental Build of configuration Debug for project Exercise8 ****
Info: Internal Builder is used for build
gcc -O0 -g3 -Wall -c -fmessage-length=0 -o Ex8.o "..\\Ex8.c" 
gcc -o Exercise8.exe Ex8.o 
01:48:01 **** Incremental Build of configuration Debug for project Exercise8 ****
Info: Internal Builder is used for build
gcc -O0 -g3 -Wall -c -fmessage-length=0 -o Ex8.o "..\\Ex8.c" 
gcc -o Exercise8.exe Ex8.o 
01:48:14 **** Incremental Build of configuration Debug for project Exercise8 ****
Info: Internal Builder is used for build
gcc -O0 -g3 -Wall -c -fmessage-length=0 -o Ex8.o "..\\Ex8.c" 
gcc -o Exercise8.exe Ex8.o 
